<?xml version="1.0" encoding="UTF-8"?>
<!-- Generated by org.testng.reporters.JUnitReportReporter -->
<testsuite hostname="DESKTOP-KDTOMP8" failures="0" tests="1" name="com.orange.RUNNER.Login_runner" time="24.737" errors="0" timestamp="2024-01-09T11:02:41 IST" skipped="0">
  <testcase classname="com.orange.RUNNER.Login_runner" name="run" time="24.737"/>
  <system-out/>
</testsuite> <!-- com.orange.RUNNER.Login_runner -->
